2025-09-19 08:43:38,059 INFO Set uid to user 1000 succeeded
2025-09-19 08:43:38,064 INFO supervisord started with pid 1
2025-09-19 08:43:39,068 INFO spawned: 'php-fpm' with pid 7
2025-09-19 08:43:39,070 INFO spawned: 'laravel-worker_00' with pid 8
2025-09-19 08:43:39,072 INFO spawned: 'laravel-worker_01' with pid 9
2025-09-19 08:43:40,288 INFO success: php-fpm entered RUNNING state, process has stayed up for > than 1 seconds (startsecs)
2025-09-19 08:43:40,288 INFO success: laravel-worker_00 entered RUNNING state, process has stayed up for > than 1 seconds (startsecs)
2025-09-19 08:43:40,288 INFO success: laravel-worker_01 entered RUNNING state, process has stayed up for > than 1 seconds (startsecs)
2025-09-20 00:42:28,467 INFO Set uid to user 1000 succeeded
2025-09-20 00:42:28,477 INFO supervisord started with pid 1
2025-09-20 00:42:29,482 INFO spawned: 'php-fpm' with pid 7
2025-09-20 00:42:29,492 INFO spawned: 'laravel-worker_00' with pid 8
2025-09-20 00:42:29,497 INFO spawned: 'laravel-worker_01' with pid 9
2025-09-20 00:42:30,768 INFO success: php-fpm entered RUNNING state, process has stayed up for > than 1 seconds (startsecs)
2025-09-20 00:42:30,769 INFO success: laravel-worker_00 entered RUNNING state, process has stayed up for > than 1 seconds (startsecs)
2025-09-20 00:42:30,769 INFO success: laravel-worker_01 entered RUNNING state, process has stayed up for > than 1 seconds (startsecs)
2025-09-21 22:10:39,485 INFO Set uid to user 1000 succeeded
2025-09-21 22:10:39,500 INFO supervisord started with pid 1
2025-09-21 22:10:40,505 INFO spawned: 'php-fpm' with pid 7
2025-09-21 22:10:40,518 INFO spawned: 'laravel-worker_00' with pid 8
2025-09-21 22:10:40,523 INFO spawned: 'laravel-worker_01' with pid 9
2025-09-21 22:10:41,683 INFO success: php-fpm entered RUNNING state, process has stayed up for > than 1 seconds (startsecs)
2025-09-21 22:10:41,684 INFO success: laravel-worker_00 entered RUNNING state, process has stayed up for > than 1 seconds (startsecs)
2025-09-21 22:10:41,684 INFO success: laravel-worker_01 entered RUNNING state, process has stayed up for > than 1 seconds (startsecs)
2025-09-24 07:44:48,643 WARN received SIGQUIT indicating exit request
2025-09-24 07:44:48,671 INFO waiting for php-fpm, laravel-worker_00, laravel-worker_01 to die
2025-09-24 07:44:48,688 WARN stopped: laravel-worker_00 (terminated by SIGTERM)
2025-09-24 07:44:48,689 WARN stopped: laravel-worker_01 (terminated by SIGTERM)
2025-09-24 07:44:48,816 INFO stopped: php-fpm (exit status 0)
2025-09-24 07:45:18,985 INFO Set uid to user 1000 succeeded
2025-09-24 07:45:18,992 INFO supervisord started with pid 1
2025-09-24 07:45:19,995 INFO spawned: 'php-fpm' with pid 7
2025-09-24 07:45:19,998 INFO spawned: 'laravel-worker_00' with pid 8
2025-09-24 07:45:20,007 INFO spawned: 'laravel-worker_01' with pid 9
2025-09-24 07:45:21,108 INFO success: php-fpm entered RUNNING state, process has stayed up for > than 1 seconds (startsecs)
2025-09-24 07:45:21,108 INFO success: laravel-worker_00 entered RUNNING state, process has stayed up for > than 1 seconds (startsecs)
2025-09-24 07:45:21,108 INFO success: laravel-worker_01 entered RUNNING state, process has stayed up for > than 1 seconds (startsecs)
2025-09-24 08:44:45,040 INFO Set uid to user 1000 succeeded
2025-09-24 08:44:45,070 INFO supervisord started with pid 1
2025-09-24 08:44:46,093 INFO spawned: 'php-fpm' with pid 6
2025-09-24 08:44:46,100 INFO spawned: 'laravel-worker_00' with pid 7
2025-09-24 08:44:46,119 INFO spawned: 'laravel-worker_01' with pid 8
2025-09-24 08:44:47,149 INFO success: php-fpm entered RUNNING state, process has stayed up for > than 1 seconds (startsecs)
2025-09-24 08:44:47,149 INFO success: laravel-worker_00 entered RUNNING state, process has stayed up for > than 1 seconds (startsecs)
2025-09-24 08:44:47,150 INFO success: laravel-worker_01 entered RUNNING state, process has stayed up for > than 1 seconds (startsecs)
2025-09-27 21:04:05,226 WARN received SIGQUIT indicating exit request
2025-09-27 21:04:05,238 INFO waiting for php-fpm, laravel-worker_00, laravel-worker_01 to die
2025-09-27 21:04:05,244 WARN stopped: laravel-worker_00 (terminated by SIGTERM)
2025-09-27 21:04:05,245 WARN stopped: laravel-worker_01 (terminated by SIGTERM)
2025-09-27 21:04:05,302 INFO stopped: php-fpm (exit status 0)
2025-09-27 21:04:06,541 INFO Set uid to user 1000 succeeded
2025-09-27 21:04:06,546 INFO supervisord started with pid 1
2025-09-27 21:04:07,549 INFO spawned: 'php-fpm' with pid 7
2025-09-27 21:04:07,551 INFO spawned: 'laravel-worker_00' with pid 8
2025-09-27 21:04:07,552 INFO spawned: 'laravel-worker_01' with pid 9
2025-09-27 21:04:08,630 INFO success: php-fpm entered RUNNING state, process has stayed up for > than 1 seconds (startsecs)
2025-09-27 21:04:08,630 INFO success: laravel-worker_00 entered RUNNING state, process has stayed up for > than 1 seconds (startsecs)
2025-09-27 21:04:08,630 INFO success: laravel-worker_01 entered RUNNING state, process has stayed up for > than 1 seconds (startsecs)
2025-09-28 20:59:01,187 INFO Set uid to user 1000 succeeded
2025-09-28 20:59:01,212 INFO supervisord started with pid 1
2025-09-28 20:59:02,218 INFO spawned: 'php-fpm' with pid 7
2025-09-28 20:59:02,237 INFO spawned: 'laravel-worker_00' with pid 8
2025-09-28 20:59:02,242 INFO spawned: 'laravel-worker_01' with pid 9
2025-09-28 20:59:03,785 INFO success: php-fpm entered RUNNING state, process has stayed up for > than 1 seconds (startsecs)
2025-09-28 20:59:03,785 INFO success: laravel-worker_00 entered RUNNING state, process has stayed up for > than 1 seconds (startsecs)
2025-09-28 20:59:03,785 INFO success: laravel-worker_01 entered RUNNING state, process has stayed up for > than 1 seconds (startsecs)
2025-09-30 09:14:13,122 INFO Set uid to user 1000 succeeded
2025-09-30 09:14:13,157 INFO supervisord started with pid 1
2025-09-30 09:14:14,179 INFO spawned: 'php-fpm' with pid 8
2025-09-30 09:14:14,211 INFO spawned: 'laravel-worker_00' with pid 9
2025-09-30 09:14:14,218 INFO spawned: 'laravel-worker_01' with pid 10
2025-09-30 09:14:16,161 INFO success: php-fpm entered RUNNING state, process has stayed up for > than 1 seconds (startsecs)
2025-09-30 09:14:16,162 INFO success: laravel-worker_00 entered RUNNING state, process has stayed up for > than 1 seconds (startsecs)
2025-09-30 09:14:16,162 INFO success: laravel-worker_01 entered RUNNING state, process has stayed up for > than 1 seconds (startsecs)
2025-09-30 10:28:24,060 WARN received SIGQUIT indicating exit request
2025-09-30 10:28:24,066 INFO waiting for php-fpm, laravel-worker_00, laravel-worker_01 to die
2025-09-30 10:28:24,072 WARN stopped: laravel-worker_00 (terminated by SIGTERM)
2025-09-30 10:28:24,072 WARN stopped: laravel-worker_01 (terminated by SIGTERM)
2025-09-30 10:28:24,118 INFO stopped: php-fpm (exit status 0)
2025-09-30 10:28:25,488 INFO Set uid to user 1000 succeeded
2025-09-30 10:28:25,501 INFO supervisord started with pid 1
2025-09-30 10:28:26,511 INFO spawned: 'php-fpm' with pid 7
2025-09-30 10:28:26,525 INFO spawned: 'laravel-worker_00' with pid 8
2025-09-30 10:28:26,531 INFO spawned: 'laravel-worker_01' with pid 9
2025-09-30 10:28:27,612 INFO success: php-fpm entered RUNNING state, process has stayed up for > than 1 seconds (startsecs)
2025-09-30 10:28:27,612 INFO success: laravel-worker_00 entered RUNNING state, process has stayed up for > than 1 seconds (startsecs)
2025-09-30 10:28:27,613 INFO success: laravel-worker_01 entered RUNNING state, process has stayed up for > than 1 seconds (startsecs)
2025-10-01 20:41:21,857 WARN received SIGQUIT indicating exit request
2025-10-01 20:41:21,863 INFO waiting for php-fpm, laravel-worker_00, laravel-worker_01 to die
2025-10-01 20:41:21,868 WARN stopped: laravel-worker_00 (terminated by SIGTERM)
2025-10-01 20:41:21,869 WARN stopped: laravel-worker_01 (terminated by SIGTERM)
2025-10-01 20:41:21,919 INFO stopped: php-fpm (exit status 0)
2025-10-01 20:41:23,152 INFO Set uid to user 1000 succeeded
2025-10-01 20:41:23,161 INFO supervisord started with pid 1
2025-10-01 20:41:24,165 INFO spawned: 'php-fpm' with pid 7
2025-10-01 20:41:24,169 INFO spawned: 'laravel-worker_00' with pid 8
2025-10-01 20:41:24,171 INFO spawned: 'laravel-worker_01' with pid 9
2025-10-01 20:41:25,223 INFO success: php-fpm entered RUNNING state, process has stayed up for > than 1 seconds (startsecs)
2025-10-01 20:41:25,223 INFO success: laravel-worker_00 entered RUNNING state, process has stayed up for > than 1 seconds (startsecs)
2025-10-01 20:41:25,223 INFO success: laravel-worker_01 entered RUNNING state, process has stayed up for > than 1 seconds (startsecs)
2025-10-01 20:47:34,609 WARN received SIGQUIT indicating exit request
2025-10-01 20:47:34,611 INFO waiting for php-fpm, laravel-worker_00, laravel-worker_01 to die
2025-10-01 20:47:34,618 WARN stopped: laravel-worker_00 (terminated by SIGTERM)
2025-10-01 20:47:34,618 WARN stopped: laravel-worker_01 (terminated by SIGTERM)
2025-10-01 20:47:34,631 INFO stopped: php-fpm (exit status 0)
2025-10-01 20:47:35,368 INFO Set uid to user 1000 succeeded
2025-10-01 20:47:35,370 INFO supervisord started with pid 1
2025-10-01 20:47:36,374 INFO spawned: 'php-fpm' with pid 7
2025-10-01 20:47:36,376 INFO spawned: 'laravel-worker_00' with pid 8
2025-10-01 20:47:36,378 INFO spawned: 'laravel-worker_01' with pid 9
2025-10-01 20:47:37,424 INFO success: php-fpm entered RUNNING state, process has stayed up for > than 1 seconds (startsecs)
2025-10-01 20:47:37,424 INFO success: laravel-worker_00 entered RUNNING state, process has stayed up for > than 1 seconds (startsecs)
2025-10-01 20:47:37,424 INFO success: laravel-worker_01 entered RUNNING state, process has stayed up for > than 1 seconds (startsecs)
2025-10-01 22:15:11,781 WARN received SIGQUIT indicating exit request
2025-10-01 22:15:11,788 INFO waiting for php-fpm, laravel-worker_00, laravel-worker_01 to die
2025-10-01 22:15:11,798 WARN stopped: laravel-worker_00 (terminated by SIGTERM)
2025-10-01 22:15:11,798 WARN stopped: laravel-worker_01 (terminated by SIGTERM)
2025-10-01 22:15:11,862 INFO stopped: php-fpm (exit status 0)
2025-10-01 22:19:42,339 INFO Set uid to user 1000 succeeded
2025-10-01 22:19:42,344 INFO supervisord started with pid 1
2025-10-01 22:19:43,346 INFO spawned: 'php-fpm' with pid 7
2025-10-01 22:19:43,349 INFO spawned: 'laravel-worker_00' with pid 8
2025-10-01 22:19:43,351 INFO spawned: 'laravel-worker_01' with pid 9
2025-10-01 22:19:44,424 INFO success: php-fpm entered RUNNING state, process has stayed up for > than 1 seconds (startsecs)
2025-10-01 22:19:44,425 INFO success: laravel-worker_00 entered RUNNING state, process has stayed up for > than 1 seconds (startsecs)
2025-10-01 22:19:44,425 INFO success: laravel-worker_01 entered RUNNING state, process has stayed up for > than 1 seconds (startsecs)
2025-10-01 22:23:43,955 WARN received SIGQUIT indicating exit request
2025-10-01 22:23:43,956 INFO waiting for php-fpm, laravel-worker_00, laravel-worker_01 to die
2025-10-01 22:23:43,961 WARN stopped: laravel-worker_00 (terminated by SIGTERM)
2025-10-01 22:23:43,961 WARN stopped: laravel-worker_01 (terminated by SIGTERM)
2025-10-01 22:23:43,977 INFO stopped: php-fpm (exit status 0)
2025-10-01 22:23:44,735 INFO Set uid to user 1000 succeeded
2025-10-01 22:23:44,739 INFO supervisord started with pid 1
2025-10-01 22:23:45,742 INFO spawned: 'php-fpm' with pid 7
2025-10-01 22:23:45,744 INFO spawned: 'laravel-worker_00' with pid 8
2025-10-01 22:23:45,746 INFO spawned: 'laravel-worker_01' with pid 9
2025-10-01 22:23:46,791 INFO success: php-fpm entered RUNNING state, process has stayed up for > than 1 seconds (startsecs)
2025-10-01 22:23:46,791 INFO success: laravel-worker_00 entered RUNNING state, process has stayed up for > than 1 seconds (startsecs)
2025-10-01 22:23:46,791 INFO success: laravel-worker_01 entered RUNNING state, process has stayed up for > than 1 seconds (startsecs)
2025-10-01 23:08:56,319 WARN received SIGQUIT indicating exit request
2025-10-01 23:08:56,322 INFO waiting for php-fpm, laravel-worker_00, laravel-worker_01 to die
2025-10-01 23:08:56,330 WARN stopped: laravel-worker_00 (terminated by SIGTERM)
2025-10-01 23:08:56,332 WARN stopped: laravel-worker_01 (terminated by SIGTERM)
2025-10-01 23:08:56,376 INFO stopped: php-fpm (exit status 0)
2025-10-01 23:08:57,353 INFO Set uid to user 1000 succeeded
2025-10-01 23:08:57,358 INFO supervisord started with pid 1
2025-10-01 23:08:58,361 INFO spawned: 'php-fpm' with pid 7
2025-10-01 23:08:58,363 INFO spawned: 'laravel-worker_00' with pid 8
2025-10-01 23:08:58,365 INFO spawned: 'laravel-worker_01' with pid 9
2025-10-01 23:08:59,414 INFO success: php-fpm entered RUNNING state, process has stayed up for > than 1 seconds (startsecs)
2025-10-01 23:08:59,414 INFO success: laravel-worker_00 entered RUNNING state, process has stayed up for > than 1 seconds (startsecs)
2025-10-01 23:08:59,414 INFO success: laravel-worker_01 entered RUNNING state, process has stayed up for > than 1 seconds (startsecs)
2025-10-01 23:10:29,672 WARN received SIGQUIT indicating exit request
2025-10-01 23:10:29,673 INFO waiting for php-fpm, laravel-worker_00, laravel-worker_01 to die
2025-10-01 23:10:29,678 WARN stopped: laravel-worker_01 (terminated by SIGTERM)
2025-10-01 23:10:29,679 WARN stopped: laravel-worker_00 (terminated by SIGTERM)
2025-10-01 23:10:29,698 INFO stopped: php-fpm (exit status 0)
2025-10-01 23:10:30,809 INFO Set uid to user 1000 succeeded
2025-10-01 23:10:30,818 INFO supervisord started with pid 1
2025-10-01 23:10:31,828 INFO spawned: 'php-fpm' with pid 7
2025-10-01 23:10:31,832 INFO spawned: 'laravel-worker_00' with pid 8
2025-10-01 23:10:31,835 INFO spawned: 'laravel-worker_01' with pid 9
2025-10-01 23:10:32,938 INFO success: php-fpm entered RUNNING state, process has stayed up for > than 1 seconds (startsecs)
2025-10-01 23:10:32,938 INFO success: laravel-worker_00 entered RUNNING state, process has stayed up for > than 1 seconds (startsecs)
2025-10-01 23:10:32,938 INFO success: laravel-worker_01 entered RUNNING state, process has stayed up for > than 1 seconds (startsecs)
2025-10-01 23:22:12,893 INFO Set uid to user 1000 succeeded
2025-10-01 23:22:12,931 INFO supervisord started with pid 1
2025-10-01 23:22:13,940 INFO spawned: 'php-fpm' with pid 7
2025-10-01 23:22:13,948 INFO spawned: 'laravel-worker_00' with pid 8
2025-10-01 23:22:13,952 INFO spawned: 'laravel-worker_01' with pid 9
2025-10-01 23:22:15,363 INFO success: php-fpm entered RUNNING state, process has stayed up for > than 1 seconds (startsecs)
2025-10-01 23:22:15,363 INFO success: laravel-worker_00 entered RUNNING state, process has stayed up for > than 1 seconds (startsecs)
2025-10-01 23:22:15,364 INFO success: laravel-worker_01 entered RUNNING state, process has stayed up for > than 1 seconds (startsecs)
2025-10-02 22:41:35,618 INFO Set uid to user 1000 succeeded
2025-10-02 22:41:35,666 INFO supervisord started with pid 1
2025-10-02 22:41:36,672 INFO spawned: 'php-fpm' with pid 7
2025-10-02 22:41:36,680 INFO spawned: 'laravel-worker_00' with pid 8
2025-10-02 22:41:36,684 INFO spawned: 'laravel-worker_01' with pid 9
2025-10-02 22:41:38,255 INFO success: php-fpm entered RUNNING state, process has stayed up for > than 1 seconds (startsecs)
2025-10-02 22:41:38,255 INFO success: laravel-worker_00 entered RUNNING state, process has stayed up for > than 1 seconds (startsecs)
2025-10-02 22:41:38,255 INFO success: laravel-worker_01 entered RUNNING state, process has stayed up for > than 1 seconds (startsecs)
2025-10-06 10:11:27,228 WARN received SIGQUIT indicating exit request
2025-10-06 10:11:27,242 INFO waiting for php-fpm, laravel-worker_00, laravel-worker_01 to die
2025-10-06 10:11:27,248 WARN stopped: laravel-worker_00 (terminated by SIGTERM)
2025-10-06 10:11:27,249 WARN stopped: laravel-worker_01 (terminated by SIGTERM)
2025-10-06 10:11:27,294 INFO stopped: php-fpm (exit status 0)
2025-10-06 10:11:28,564 INFO Set uid to user 1000 succeeded
2025-10-06 10:11:28,571 INFO supervisord started with pid 1
2025-10-06 10:11:29,574 INFO spawned: 'php-fpm' with pid 7
2025-10-06 10:11:29,576 INFO spawned: 'laravel-worker_00' with pid 8
2025-10-06 10:11:29,581 INFO spawned: 'laravel-worker_01' with pid 9
2025-10-06 10:11:31,804 INFO success: php-fpm entered RUNNING state, process has stayed up for > than 1 seconds (startsecs)
2025-10-06 10:11:31,804 INFO success: laravel-worker_00 entered RUNNING state, process has stayed up for > than 1 seconds (startsecs)
2025-10-06 10:11:31,804 INFO success: laravel-worker_01 entered RUNNING state, process has stayed up for > than 1 seconds (startsecs)
2025-10-17 08:40:46,747 INFO Set uid to user 1000 succeeded
2025-10-17 08:40:46,773 INFO supervisord started with pid 1
2025-10-17 08:40:47,782 INFO spawned: 'php-fpm' with pid 7
2025-10-17 08:40:47,789 INFO spawned: 'laravel-worker_00' with pid 8
2025-10-17 08:40:47,802 INFO spawned: 'laravel-worker_01' with pid 9
2025-10-17 08:40:49,613 INFO success: php-fpm entered RUNNING state, process has stayed up for > than 1 seconds (startsecs)
2025-10-17 08:40:49,613 INFO success: laravel-worker_00 entered RUNNING state, process has stayed up for > than 1 seconds (startsecs)
2025-10-17 08:40:49,613 INFO success: laravel-worker_01 entered RUNNING state, process has stayed up for > than 1 seconds (startsecs)
2025-10-17 15:27:58,543 INFO reaped unknown pid 161 (exit status 0)
2025-10-19 21:37:29,167 INFO Set uid to user 1000 succeeded
2025-10-19 21:37:29,203 INFO supervisord started with pid 1
2025-10-19 21:37:30,206 INFO spawned: 'php-fpm' with pid 7
2025-10-19 21:37:30,216 INFO spawned: 'laravel-worker_00' with pid 8
2025-10-19 21:37:30,227 INFO spawned: 'laravel-worker_01' with pid 9
2025-10-19 21:37:31,515 INFO success: php-fpm entered RUNNING state, process has stayed up for > than 1 seconds (startsecs)
2025-10-19 21:37:31,515 INFO success: laravel-worker_00 entered RUNNING state, process has stayed up for > than 1 seconds (startsecs)
2025-10-19 21:37:31,515 INFO success: laravel-worker_01 entered RUNNING state, process has stayed up for > than 1 seconds (startsecs)
2025-10-21 07:17:49,610 INFO Set uid to user 1000 succeeded
2025-10-21 07:17:49,627 INFO supervisord started with pid 1
2025-10-21 07:17:50,631 INFO spawned: 'php-fpm' with pid 7
2025-10-21 07:17:50,635 INFO spawned: 'laravel-worker_00' with pid 8
2025-10-21 07:17:50,637 INFO spawned: 'laravel-worker_01' with pid 9
2025-10-21 07:17:51,807 INFO success: php-fpm entered RUNNING state, process has stayed up for > than 1 seconds (startsecs)
2025-10-21 07:17:51,808 INFO success: laravel-worker_00 entered RUNNING state, process has stayed up for > than 1 seconds (startsecs)
2025-10-21 07:17:51,808 INFO success: laravel-worker_01 entered RUNNING state, process has stayed up for > than 1 seconds (startsecs)
2025-10-21 20:51:20,762 INFO Set uid to user 1000 succeeded
2025-10-21 20:51:20,784 INFO supervisord started with pid 1
2025-10-21 20:51:21,803 INFO spawned: 'php-fpm' with pid 7
2025-10-21 20:51:21,813 INFO spawned: 'laravel-worker_00' with pid 8
2025-10-21 20:51:21,851 INFO spawned: 'laravel-worker_01' with pid 9
2025-10-21 20:51:23,658 INFO success: php-fpm entered RUNNING state, process has stayed up for > than 1 seconds (startsecs)
2025-10-21 20:51:23,658 INFO success: laravel-worker_00 entered RUNNING state, process has stayed up for > than 1 seconds (startsecs)
2025-10-21 20:51:23,658 INFO success: laravel-worker_01 entered RUNNING state, process has stayed up for > than 1 seconds (startsecs)
2025-10-28 22:35:05,526 INFO Set uid to user 1000 succeeded
2025-10-28 22:35:05,580 INFO supervisord started with pid 1
2025-10-28 22:35:06,585 INFO spawned: 'php-fpm' with pid 7
2025-10-28 22:35:06,592 INFO spawned: 'laravel-worker_00' with pid 8
2025-10-28 22:35:06,596 INFO spawned: 'laravel-worker_01' with pid 9
2025-10-28 22:35:07,928 INFO success: php-fpm entered RUNNING state, process has stayed up for > than 1 seconds (startsecs)
2025-10-28 22:35:07,936 INFO success: laravel-worker_00 entered RUNNING state, process has stayed up for > than 1 seconds (startsecs)
2025-10-28 22:35:07,936 INFO success: laravel-worker_01 entered RUNNING state, process has stayed up for > than 1 seconds (startsecs)
2025-10-29 11:45:27,339 INFO Set uid to user 1000 succeeded
2025-10-29 11:45:27,352 INFO supervisord started with pid 1
2025-10-29 11:45:28,363 INFO spawned: 'php-fpm' with pid 7
2025-10-29 11:45:28,377 INFO spawned: 'laravel-worker_00' with pid 8
2025-10-29 11:45:28,393 INFO spawned: 'laravel-worker_01' with pid 9
2025-10-29 11:45:29,763 INFO success: php-fpm entered RUNNING state, process has stayed up for > than 1 seconds (startsecs)
2025-10-29 11:45:29,763 INFO success: laravel-worker_00 entered RUNNING state, process has stayed up for > than 1 seconds (startsecs)
2025-10-29 11:45:29,763 INFO success: laravel-worker_01 entered RUNNING state, process has stayed up for > than 1 seconds (startsecs)
2025-11-04 01:20:09,519 WARN received SIGQUIT indicating exit request
2025-11-04 01:20:09,532 INFO waiting for php-fpm, laravel-worker_00, laravel-worker_01 to die
2025-11-04 01:20:09,550 WARN stopped: laravel-worker_00 (terminated by SIGTERM)
2025-11-04 01:20:09,551 WARN stopped: laravel-worker_01 (terminated by SIGTERM)
2025-11-04 01:20:10,700 INFO stopped: php-fpm (exit status 0)
2025-11-04 01:20:46,402 INFO Set uid to user 1000 succeeded
2025-11-04 01:20:46,411 INFO supervisord started with pid 1
2025-11-04 01:20:47,417 INFO spawned: 'php-fpm' with pid 8
2025-11-04 01:20:47,422 INFO spawned: 'laravel-worker_00' with pid 9
2025-11-04 01:20:47,426 INFO spawned: 'laravel-worker_01' with pid 10
2025-11-04 01:20:48,634 INFO success: php-fpm entered RUNNING state, process has stayed up for > than 1 seconds (startsecs)
2025-11-04 01:20:48,634 INFO success: laravel-worker_00 entered RUNNING state, process has stayed up for > than 1 seconds (startsecs)
2025-11-04 01:20:48,635 INFO success: laravel-worker_01 entered RUNNING state, process has stayed up for > than 1 seconds (startsecs)
2025-11-04 01:21:35,761 WARN received SIGQUIT indicating exit request
2025-11-04 01:21:35,762 INFO waiting for php-fpm, laravel-worker_00, laravel-worker_01 to die
2025-11-04 01:21:35,767 WARN stopped: laravel-worker_00 (terminated by SIGTERM)
2025-11-04 01:21:35,767 WARN stopped: laravel-worker_01 (terminated by SIGTERM)
2025-11-04 01:21:35,785 INFO stopped: php-fpm (exit status 0)
2025-11-04 01:21:37,012 INFO Set uid to user 1000 succeeded
2025-11-04 01:21:37,014 INFO supervisord started with pid 1
2025-11-04 01:21:38,018 INFO spawned: 'php-fpm' with pid 8
2025-11-04 01:21:38,022 INFO spawned: 'laravel-worker_00' with pid 9
2025-11-04 01:21:38,025 INFO spawned: 'laravel-worker_01' with pid 10
2025-11-04 01:21:39,091 INFO success: php-fpm entered RUNNING state, process has stayed up for > than 1 seconds (startsecs)
2025-11-04 01:21:39,091 INFO success: laravel-worker_00 entered RUNNING state, process has stayed up for > than 1 seconds (startsecs)
2025-11-04 01:21:39,091 INFO success: laravel-worker_01 entered RUNNING state, process has stayed up for > than 1 seconds (startsecs)
2025-11-07 12:48:25,903 WARN received SIGQUIT indicating exit request
2025-11-07 12:48:25,930 INFO waiting for php-fpm, laravel-worker_00, laravel-worker_01 to die
2025-11-07 12:48:25,948 WARN stopped: laravel-worker_00 (terminated by SIGTERM)
2025-11-07 12:48:25,950 WARN stopped: laravel-worker_01 (terminated by SIGTERM)
2025-11-07 12:48:26,327 INFO stopped: php-fpm (exit status 0)
2025-11-07 12:53:36,053 INFO Set uid to user 1000 succeeded
2025-11-07 12:53:36,058 INFO supervisord started with pid 1
2025-11-07 12:53:37,328 INFO spawned: 'php-fpm' with pid 8
2025-11-07 12:53:37,331 INFO spawned: 'laravel-worker_00' with pid 9
2025-11-07 12:53:37,338 INFO spawned: 'laravel-worker_01' with pid 10
2025-11-07 12:53:38,475 INFO success: php-fpm entered RUNNING state, process has stayed up for > than 1 seconds (startsecs)
2025-11-07 12:53:38,476 INFO success: laravel-worker_00 entered RUNNING state, process has stayed up for > than 1 seconds (startsecs)
2025-11-07 12:53:38,476 INFO success: laravel-worker_01 entered RUNNING state, process has stayed up for > than 1 seconds (startsecs)
2025-11-07 13:14:05,385 INFO Set uid to user 1000 succeeded
2025-11-07 13:14:05,407 INFO supervisord started with pid 1
2025-11-07 13:14:06,417 INFO spawned: 'php-fpm' with pid 6
2025-11-07 13:14:06,428 INFO spawned: 'laravel-worker_00' with pid 7
2025-11-07 13:14:06,432 INFO spawned: 'laravel-worker_01' with pid 8
2025-11-07 13:14:07,817 INFO success: php-fpm entered RUNNING state, process has stayed up for > than 1 seconds (startsecs)
2025-11-07 13:14:07,818 INFO success: laravel-worker_00 entered RUNNING state, process has stayed up for > than 1 seconds (startsecs)
2025-11-07 13:14:07,818 INFO success: laravel-worker_01 entered RUNNING state, process has stayed up for > than 1 seconds (startsecs)
2025-11-08 07:34:15,121 INFO Set uid to user 1000 succeeded
2025-11-08 07:34:15,135 INFO supervisord started with pid 1
2025-11-08 07:34:16,138 INFO spawned: 'php-fpm' with pid 7
2025-11-08 07:34:16,142 INFO spawned: 'laravel-worker_00' with pid 8
2025-11-08 07:34:16,145 INFO spawned: 'laravel-worker_01' with pid 9
2025-11-08 07:34:17,323 INFO success: php-fpm entered RUNNING state, process has stayed up for > than 1 seconds (startsecs)
2025-11-08 07:34:17,323 INFO success: laravel-worker_00 entered RUNNING state, process has stayed up for > than 1 seconds (startsecs)
2025-11-08 07:34:17,323 INFO success: laravel-worker_01 entered RUNNING state, process has stayed up for > than 1 seconds (startsecs)
2025-11-12 19:12:47,288 INFO Set uid to user 1000 succeeded
2025-11-12 19:12:47,320 INFO supervisord started with pid 1
2025-11-12 19:12:48,330 INFO spawned: 'php-fpm' with pid 6
2025-11-12 19:12:48,338 INFO spawned: 'laravel-worker_00' with pid 7
2025-11-12 19:12:48,345 INFO spawned: 'laravel-worker_01' with pid 8
2025-11-12 19:12:49,942 INFO success: php-fpm entered RUNNING state, process has stayed up for > than 1 seconds (startsecs)
2025-11-12 19:12:49,942 INFO success: laravel-worker_00 entered RUNNING state, process has stayed up for > than 1 seconds (startsecs)
2025-11-12 19:12:49,942 INFO success: laravel-worker_01 entered RUNNING state, process has stayed up for > than 1 seconds (startsecs)
2025-11-12 19:27:09,463 WARN exited: laravel-worker_01 (exit status 1; not expected)
2025-11-12 19:27:09,468 INFO spawned: 'laravel-worker_01' with pid 17
2025-11-12 19:27:09,468 WARN exited: laravel-worker_00 (exit status 1; not expected)
2025-11-12 19:27:14,129 INFO spawned: 'laravel-worker_00' with pid 21
2025-11-12 19:27:14,130 INFO success: laravel-worker_01 entered RUNNING state, process has stayed up for > than 1 seconds (startsecs)
2025-11-12 19:27:15,131 INFO success: laravel-worker_00 entered RUNNING state, process has stayed up for > than 1 seconds (startsecs)
2025-11-12 19:28:40,207 WARN received SIGQUIT indicating exit request
2025-11-12 19:28:40,209 INFO waiting for php-fpm, laravel-worker_00, laravel-worker_01 to die
2025-11-12 19:28:40,213 WARN stopped: laravel-worker_01 (terminated by SIGTERM)
2025-11-12 19:28:40,213 WARN stopped: laravel-worker_00 (terminated by SIGTERM)
2025-11-12 19:28:40,241 INFO stopped: php-fpm (exit status 0)
2025-11-12 19:28:56,657 INFO Set uid to user 1000 succeeded
2025-11-12 19:28:56,660 INFO supervisord started with pid 1
2025-11-12 19:28:57,663 INFO spawned: 'php-fpm' with pid 7
2025-11-12 19:28:57,666 INFO spawned: 'laravel-worker_00' with pid 8
2025-11-12 19:28:57,668 INFO spawned: 'laravel-worker_01' with pid 9
2025-11-12 19:28:58,729 INFO success: php-fpm entered RUNNING state, process has stayed up for > than 1 seconds (startsecs)
2025-11-12 19:28:58,729 INFO success: laravel-worker_00 entered RUNNING state, process has stayed up for > than 1 seconds (startsecs)
2025-11-12 19:28:58,729 INFO success: laravel-worker_01 entered RUNNING state, process has stayed up for > than 1 seconds (startsecs)
2025-11-14 23:36:53,026 WARN received SIGQUIT indicating exit request
2025-11-14 23:36:53,035 INFO waiting for php-fpm, laravel-worker_00, laravel-worker_01 to die
2025-11-14 23:36:53,041 WARN stopped: laravel-worker_00 (terminated by SIGTERM)
2025-11-14 23:36:53,041 WARN stopped: laravel-worker_01 (terminated by SIGTERM)
2025-11-14 23:36:53,099 INFO stopped: php-fpm (exit status 0)
2025-11-14 23:36:54,313 INFO Set uid to user 1000 succeeded
2025-11-14 23:36:54,318 INFO supervisord started with pid 1
2025-11-14 23:36:55,321 INFO spawned: 'php-fpm' with pid 7
2025-11-14 23:36:55,323 INFO spawned: 'laravel-worker_00' with pid 8
2025-11-14 23:36:55,325 INFO spawned: 'laravel-worker_01' with pid 9
2025-11-14 23:36:56,377 INFO success: php-fpm entered RUNNING state, process has stayed up for > than 1 seconds (startsecs)
2025-11-14 23:36:56,377 INFO success: laravel-worker_00 entered RUNNING state, process has stayed up for > than 1 seconds (startsecs)
2025-11-14 23:36:56,377 INFO success: laravel-worker_01 entered RUNNING state, process has stayed up for > than 1 seconds (startsecs)
2025-11-15 00:08:44,301 WARN received SIGQUIT indicating exit request
2025-11-15 00:08:44,302 INFO waiting for php-fpm, laravel-worker_00, laravel-worker_01 to die
2025-11-15 00:08:44,306 WARN stopped: laravel-worker_00 (terminated by SIGTERM)
2025-11-15 00:08:44,307 WARN stopped: laravel-worker_01 (terminated by SIGTERM)
2025-11-15 00:08:44,322 INFO stopped: php-fpm (exit status 0)
2025-11-15 00:08:45,019 INFO Set uid to user 1000 succeeded
2025-11-15 00:08:45,021 INFO supervisord started with pid 1
2025-11-15 00:08:46,024 INFO spawned: 'php-fpm' with pid 7
2025-11-15 00:08:46,026 INFO spawned: 'laravel-worker_00' with pid 8
2025-11-15 00:08:46,027 INFO spawned: 'laravel-worker_01' with pid 9
2025-11-15 00:08:47,070 INFO success: php-fpm entered RUNNING state, process has stayed up for > than 1 seconds (startsecs)
2025-11-15 00:08:47,070 INFO success: laravel-worker_00 entered RUNNING state, process has stayed up for > than 1 seconds (startsecs)
2025-11-15 00:08:47,070 INFO success: laravel-worker_01 entered RUNNING state, process has stayed up for > than 1 seconds (startsecs)
2025-11-15 00:32:09,149 WARN received SIGQUIT indicating exit request
2025-11-15 00:32:09,150 INFO waiting for php-fpm, laravel-worker_00, laravel-worker_01 to die
2025-11-15 00:32:09,155 WARN stopped: laravel-worker_00 (terminated by SIGTERM)
2025-11-15 00:32:09,155 WARN stopped: laravel-worker_01 (terminated by SIGTERM)
2025-11-15 00:32:09,173 INFO stopped: php-fpm (exit status 0)
2025-11-15 00:32:09,821 INFO Set uid to user 1000 succeeded
2025-11-15 00:32:09,824 INFO supervisord started with pid 1
2025-11-15 00:32:11,661 INFO spawned: 'php-fpm' with pid 7
2025-11-15 00:32:11,663 INFO spawned: 'laravel-worker_00' with pid 8
2025-11-15 00:32:11,665 INFO spawned: 'laravel-worker_01' with pid 9
2025-11-15 00:32:12,708 INFO success: php-fpm entered RUNNING state, process has stayed up for > than 1 seconds (startsecs)
2025-11-15 00:32:12,708 INFO success: laravel-worker_00 entered RUNNING state, process has stayed up for > than 1 seconds (startsecs)
2025-11-15 00:32:12,708 INFO success: laravel-worker_01 entered RUNNING state, process has stayed up for > than 1 seconds (startsecs)
2025-11-15 01:03:32,870 WARN received SIGQUIT indicating exit request
2025-11-15 01:03:32,884 INFO waiting for php-fpm, laravel-worker_00, laravel-worker_01 to die
2025-11-15 01:03:32,893 WARN stopped: laravel-worker_00 (terminated by SIGTERM)
2025-11-15 01:03:32,894 WARN stopped: laravel-worker_01 (terminated by SIGTERM)
2025-11-15 01:03:32,960 INFO stopped: php-fpm (exit status 0)
2025-11-15 01:03:36,648 INFO Set uid to user 1000 succeeded
2025-11-15 01:03:36,653 INFO supervisord started with pid 1
2025-11-15 01:03:37,656 INFO spawned: 'php-fpm' with pid 7
2025-11-15 01:03:37,658 INFO spawned: 'laravel-worker_00' with pid 8
2025-11-15 01:03:37,660 INFO spawned: 'laravel-worker_01' with pid 9
2025-11-15 01:03:38,739 INFO success: php-fpm entered RUNNING state, process has stayed up for > than 1 seconds (startsecs)
2025-11-15 01:03:38,739 INFO success: laravel-worker_00 entered RUNNING state, process has stayed up for > than 1 seconds (startsecs)
2025-11-15 01:03:38,739 INFO success: laravel-worker_01 entered RUNNING state, process has stayed up for > than 1 seconds (startsecs)
2025-11-20 21:20:09,527 WARN received SIGQUIT indicating exit request
2025-11-20 21:20:09,554 INFO waiting for php-fpm, laravel-worker_00, laravel-worker_01 to die
2025-11-20 21:20:09,566 WARN stopped: laravel-worker_00 (terminated by SIGTERM)
2025-11-20 21:20:09,567 WARN stopped: laravel-worker_01 (terminated by SIGTERM)
2025-11-20 21:20:09,727 INFO stopped: php-fpm (exit status 0)
2025-11-20 21:20:12,228 INFO Set uid to user 1000 succeeded
2025-11-20 21:20:12,235 INFO supervisord started with pid 1
2025-11-20 21:20:13,239 INFO spawned: 'php-fpm' with pid 7
2025-11-20 21:20:13,248 INFO spawned: 'laravel-worker_00' with pid 8
2025-11-20 21:20:13,263 INFO spawned: 'laravel-worker_01' with pid 9
2025-11-20 21:20:14,425 INFO success: php-fpm entered RUNNING state, process has stayed up for > than 1 seconds (startsecs)
2025-11-20 21:20:14,425 INFO success: laravel-worker_00 entered RUNNING state, process has stayed up for > than 1 seconds (startsecs)
2025-11-20 21:20:14,425 INFO success: laravel-worker_01 entered RUNNING state, process has stayed up for > than 1 seconds (startsecs)
2025-11-20 21:20:31,519 WARN received SIGQUIT indicating exit request
2025-11-20 21:20:31,520 INFO waiting for php-fpm, laravel-worker_00, laravel-worker_01 to die
2025-11-20 21:20:31,530 WARN stopped: laravel-worker_00 (terminated by SIGTERM)
2025-11-20 21:20:31,530 WARN stopped: laravel-worker_01 (terminated by SIGTERM)
2025-11-20 21:20:31,546 INFO stopped: php-fpm (exit status 0)
2025-11-20 21:20:33,071 INFO Set uid to user 1000 succeeded
2025-11-20 21:20:33,074 INFO supervisord started with pid 1
2025-11-20 21:20:34,081 INFO spawned: 'php-fpm' with pid 7
2025-11-20 21:20:34,089 INFO spawned: 'laravel-worker_00' with pid 8
2025-11-20 21:20:34,094 INFO spawned: 'laravel-worker_01' with pid 9
2025-11-20 21:20:35,203 INFO success: php-fpm entered RUNNING state, process has stayed up for > than 1 seconds (startsecs)
2025-11-20 21:20:35,203 INFO success: laravel-worker_00 entered RUNNING state, process has stayed up for > than 1 seconds (startsecs)
2025-11-20 21:20:35,203 INFO success: laravel-worker_01 entered RUNNING state, process has stayed up for > than 1 seconds (startsecs)
2025-11-24 08:59:34,400 INFO Set uid to user 1000 succeeded
2025-11-24 08:59:34,408 INFO supervisord started with pid 1
2025-11-24 08:59:35,411 INFO spawned: 'php-fpm' with pid 7
2025-11-24 08:59:35,416 INFO spawned: 'laravel-worker_00' with pid 8
2025-11-24 08:59:35,421 INFO spawned: 'laravel-worker_01' with pid 9
2025-11-24 08:59:36,614 INFO success: php-fpm entered RUNNING state, process has stayed up for > than 1 seconds (startsecs)
2025-11-24 08:59:36,614 INFO success: laravel-worker_00 entered RUNNING state, process has stayed up for > than 1 seconds (startsecs)
2025-11-24 08:59:36,614 INFO success: laravel-worker_01 entered RUNNING state, process has stayed up for > than 1 seconds (startsecs)
2025-12-02 22:44:21,548 INFO Set uid to user 1000 succeeded
2025-12-02 22:44:21,564 INFO supervisord started with pid 1
2025-12-02 22:44:22,568 INFO spawned: 'php-fpm' with pid 7
2025-12-02 22:44:22,585 INFO spawned: 'laravel-worker_00' with pid 8
2025-12-02 22:44:22,597 INFO spawned: 'laravel-worker_01' with pid 9
2025-12-02 22:44:23,690 INFO success: php-fpm entered RUNNING state, process has stayed up for > than 1 seconds (startsecs)
2025-12-02 22:44:23,690 INFO success: laravel-worker_00 entered RUNNING state, process has stayed up for > than 1 seconds (startsecs)
2025-12-02 22:44:23,690 INFO success: laravel-worker_01 entered RUNNING state, process has stayed up for > than 1 seconds (startsecs)
2025-12-03 08:00:45,782 INFO Set uid to user 1000 succeeded
2025-12-03 08:00:45,807 INFO supervisord started with pid 1
2025-12-03 08:00:46,811 INFO spawned: 'php-fpm' with pid 7
2025-12-03 08:00:46,817 INFO spawned: 'laravel-worker_00' with pid 8
2025-12-03 08:00:46,824 INFO spawned: 'laravel-worker_01' with pid 9
2025-12-03 08:00:47,846 INFO success: php-fpm entered RUNNING state, process has stayed up for > than 1 seconds (startsecs)
2025-12-03 08:00:47,846 INFO success: laravel-worker_00 entered RUNNING state, process has stayed up for > than 1 seconds (startsecs)
2025-12-03 08:00:47,846 INFO success: laravel-worker_01 entered RUNNING state, process has stayed up for > than 1 seconds (startsecs)
2025-12-04 10:04:45,926 INFO Set uid to user 1000 succeeded
2025-12-04 10:04:45,971 INFO supervisord started with pid 1
2025-12-04 10:04:46,978 INFO spawned: 'php-fpm' with pid 6
2025-12-04 10:04:46,987 INFO spawned: 'laravel-worker_00' with pid 7
2025-12-04 10:04:46,994 INFO spawned: 'laravel-worker_01' with pid 8
2025-12-04 10:04:48,524 INFO success: php-fpm entered RUNNING state, process has stayed up for > than 1 seconds (startsecs)
2025-12-04 10:04:48,525 INFO success: laravel-worker_00 entered RUNNING state, process has stayed up for > than 1 seconds (startsecs)
2025-12-04 10:04:48,525 INFO success: laravel-worker_01 entered RUNNING state, process has stayed up for > than 1 seconds (startsecs)
2025-12-09 23:58:04,609 INFO Set uid to user 1000 succeeded
2025-12-09 23:58:04,636 INFO supervisord started with pid 1
2025-12-09 23:58:05,645 INFO spawned: 'php-fpm' with pid 7
2025-12-09 23:58:05,658 INFO spawned: 'laravel-worker_00' with pid 8
2025-12-09 23:58:05,661 INFO spawned: 'laravel-worker_01' with pid 9
2025-12-09 23:58:07,180 INFO success: php-fpm entered RUNNING state, process has stayed up for > than 1 seconds (startsecs)
2025-12-09 23:58:07,181 INFO success: laravel-worker_00 entered RUNNING state, process has stayed up for > than 1 seconds (startsecs)
2025-12-09 23:58:07,181 INFO success: laravel-worker_01 entered RUNNING state, process has stayed up for > than 1 seconds (startsecs)
2025-12-10 12:12:36,352 INFO Set uid to user 1000 succeeded
2025-12-10 12:12:36,402 INFO supervisord started with pid 1
2025-12-10 12:12:37,406 INFO spawned: 'php-fpm' with pid 7
2025-12-10 12:12:37,411 INFO spawned: 'laravel-worker_00' with pid 8
2025-12-10 12:12:37,425 INFO spawned: 'laravel-worker_01' with pid 9
2025-12-10 12:12:38,405 INFO success: php-fpm entered RUNNING state, process has stayed up for > than 1 seconds (startsecs)
2025-12-10 12:12:38,437 INFO success: laravel-worker_00 entered RUNNING state, process has stayed up for > than 1 seconds (startsecs)
2025-12-10 12:12:38,437 INFO success: laravel-worker_01 entered RUNNING state, process has stayed up for > than 1 seconds (startsecs)
2025-12-11 20:34:28,212 INFO Set uid to user 1000 succeeded
2025-12-11 20:34:28,225 INFO supervisord started with pid 1
2025-12-11 20:34:29,231 INFO spawned: 'php-fpm' with pid 7
2025-12-11 20:34:29,241 INFO spawned: 'laravel-worker_00' with pid 8
2025-12-11 20:34:29,255 INFO spawned: 'laravel-worker_01' with pid 9
2025-12-11 20:34:30,593 INFO success: php-fpm entered RUNNING state, process has stayed up for > than 1 seconds (startsecs)
2025-12-11 20:34:30,594 INFO success: laravel-worker_00 entered RUNNING state, process has stayed up for > than 1 seconds (startsecs)
2025-12-11 20:34:30,595 INFO success: laravel-worker_01 entered RUNNING state, process has stayed up for > than 1 seconds (startsecs)
2025-12-20 10:10:30,607 INFO reaped unknown pid 2024 (exit status 0)
2025-12-27 20:51:53,128 INFO Set uid to user 1000 succeeded
2025-12-27 20:51:53,142 INFO supervisord started with pid 1
2025-12-27 20:51:54,147 INFO spawned: 'php-fpm' with pid 7
2025-12-27 20:51:54,157 INFO spawned: 'laravel-worker_00' with pid 8
2025-12-27 20:51:54,166 INFO spawned: 'laravel-worker_01' with pid 9
2025-12-27 20:51:55,432 INFO success: php-fpm entered RUNNING state, process has stayed up for > than 1 seconds (startsecs)
2025-12-27 20:51:55,433 INFO success: laravel-worker_00 entered RUNNING state, process has stayed up for > than 1 seconds (startsecs)
2025-12-27 20:51:55,433 INFO success: laravel-worker_01 entered RUNNING state, process has stayed up for > than 1 seconds (startsecs)
2025-12-27 21:34:58,663 INFO Set uid to user 1000 succeeded
2025-12-27 21:34:58,699 INFO supervisord started with pid 1
2025-12-27 21:34:59,702 INFO spawned: 'php-fpm' with pid 7
2025-12-27 21:34:59,706 INFO spawned: 'laravel-worker_00' with pid 8
2025-12-27 21:34:59,710 INFO spawned: 'laravel-worker_01' with pid 9
2025-12-27 21:35:01,572 INFO success: php-fpm entered RUNNING state, process has stayed up for > than 1 seconds (startsecs)
2025-12-27 21:35:01,572 INFO success: laravel-worker_00 entered RUNNING state, process has stayed up for > than 1 seconds (startsecs)
2025-12-27 21:35:01,572 INFO success: laravel-worker_01 entered RUNNING state, process has stayed up for > than 1 seconds (startsecs)
